{"/home/ifms/Documentos/LP/exemplo-dao-generico/src/config/db.ts": {"path":"/home/ifms/Documentos/LP/exemplo-dao-generico/src/config/db.ts","statementMap":{"0":{"start":{"line":1,"column":0},"end":{"line":1,"column":32}},"1":{"start":{"line":2,"column":0},"end":{"line":2,"column":25}},"2":{"start":{"line":4,"column":0},"end":{"line":4,"column":null}},"3":{"start":{"line":6,"column":16},"end":{"line":12,"column":2}},"4":{"start":{"line":14,"column":28},"end":{"line":66,"column":null}},"5":{"start":{"line":14,"column":39},"end":{"line":66,"column":null}},"6":{"start":{"line":15,"column":19},"end":{"line":15,"column":42}},"7":{"start":{"line":17,"column":4},"end":{"line":61,"column":null}},"8":{"start":{"line":18,"column":8},"end":{"line":18,"column":null}},"9":{"start":{"line":19,"column":12},"end":{"line":28,"column":null}},"10":{"start":{"line":30,"column":12},"end":{"line":40,"column":null}},"11":{"start":{"line":42,"column":12},"end":{"line":53,"column":null}},"12":{"start":{"line":56,"column":8},"end":{"line":56,"column":null}},"13":{"start":{"line":58,"column":8},"end":{"line":58,"column":null}},"14":{"start":{"line":59,"column":8},"end":{"line":59,"column":25}},"15":{"start":{"line":62,"column":4},"end":{"line":62,"column":null}},"16":{"start":{"line":63,"column":4},"end":{"line":63,"column":null}},"17":{"start":{"line":14,"column":13},"end":{"line":14,"column":28}},"18":{"start":{"line":67,"column":32},"end":{"line":73,"column":null}},"19":{"start":{"line":67,"column":72},"end":{"line":73,"column":null}},"20":{"start":{"line":68,"column":23},"end":{"line":70,"column":36}},"21":{"start":{"line":72,"column":8},"end":{"line":72,"column":null}},"22":{"start":{"line":67,"column":17},"end":{"line":67,"column":32}},"23":{"start":{"line":75,"column":0},"end":{"line":78,"column":null}},"24":{"start":{"line":75,"column":32},"end":{"line":78,"column":2}},"25":{"start":{"line":76,"column":4},"end":{"line":76,"column":null}},"26":{"start":{"line":77,"column":4},"end":{"line":77,"column":null}}},"fnMap":{"0":{"name":"(anonymous_13)","decl":{"start":{"line":14,"column":28},"end":{"line":14,"column":37}},"loc":{"start":{"line":14,"column":39},"end":{"line":66,"column":null}}},"1":{"name":"(anonymous_14)","decl":{"start":{"line":14,"column":39},"end":{"line":14,"column":null}},"loc":{"start":{"line":14,"column":39},"end":{"line":66,"column":1}}},"2":{"name":"(anonymous_15)","decl":{"start":{"line":67,"column":32},"end":{"line":67,"column":39}},"loc":{"start":{"line":67,"column":72},"end":{"line":73,"column":null}}},"3":{"name":"(anonymous_16)","decl":{"start":{"line":67,"column":72},"end":{"line":67,"column":null}},"loc":{"start":{"line":67,"column":72},"end":{"line":73,"column":5}}},"4":{"name":"(anonymous_17)","decl":{"start":{"line":75,"column":21},"end":{"line":75,"column":30}},"loc":{"start":{"line":75,"column":32},"end":{"line":78,"column":2}}},"5":{"name":"(anonymous_18)","decl":{"start":{"line":75,"column":32},"end":{"line":75,"column":null}},"loc":{"start":{"line":75,"column":32},"end":{"line":78,"column":1}}}},"branchMap":{"0":{"loc":{"start":{"line":68,"column":23},"end":{"line":70,"column":36}},"type":"cond-expr","locations":[{"start":{"line":69,"column":10},"end":{"line":69,"column":44}},{"start":{"line":70,"column":10},"end":{"line":70,"column":36}}]}},"s":{"0":3,"1":3,"2":3,"3":3,"4":3,"5":3,"6":3,"7":3,"8":3,"9":3,"10":3,"11":3,"12":3,"13":0,"14":0,"15":3,"16":3,"17":3,"18":3,"19":11,"20":11,"21":11,"22":3,"23":3,"24":0,"25":0,"26":0},"f":{"0":3,"1":3,"2":11,"3":11,"4":0,"5":0},"b":{"0":[5,6]}}
,"/home/ifms/Documentos/LP/exemplo-dao-generico/src/controllers/Beneficiario.ts": {"path":"/home/ifms/Documentos/LP/exemplo-dao-generico/src/controllers/Beneficiario.ts","statementMap":{"0":{"start":{"line":1,"column":0},"end":{"line":1,"column":50}},"1":{"start":{"line":2,"column":0},"end":{"line":2,"column":59}},"2":{"start":{"line":3,"column":0},"end":{"line":3,"column":49}},"3":{"start":{"line":7,"column":8},"end":{"line":7,"column":52}},"4":{"start":{"line":9,"column":8},"end":{"line":11,"column":null}},"5":{"start":{"line":10,"column":12},"end":{"line":10,"column":null}},"6":{"start":{"line":12,"column":20},"end":{"line":12,"column":48}},"7":{"start":{"line":13,"column":8},"end":{"line":13,"column":null}},"8":{"start":{"line":5,"column":0},"end":{"line":5,"column":21}}},"fnMap":{"0":{"name":"(anonymous_1)","decl":{"start":{"line":6,"column":4},"end":{"line":6,"column":8}},"loc":{"start":{"line":6,"column":35},"end":{"line":15,"column":5}}}},"branchMap":{"0":{"loc":{"start":{"line":9,"column":8},"end":{"line":11,"column":null}},"type":"if","locations":[{"start":{"line":9,"column":8},"end":{"line":11,"column":null}}]}},"s":{"0":1,"1":1,"2":1,"3":2,"4":2,"5":1,"6":1,"7":1,"8":1},"f":{"0":2},"b":{"0":[1]}}
,"/home/ifms/Documentos/LP/exemplo-dao-generico/src/controllers/Consulta.ts": {"path":"/home/ifms/Documentos/LP/exemplo-dao-generico/src/controllers/Consulta.ts","statementMap":{"0":{"start":{"line":1,"column":0},"end":{"line":1,"column":50}},"1":{"start":{"line":2,"column":0},"end":{"line":2,"column":75}},"2":{"start":{"line":3,"column":0},"end":{"line":3,"column":61}},"3":{"start":{"line":4,"column":0},"end":{"line":4,"column":46}},"4":{"start":{"line":6,"column":13},"end":{"line":6,"column":null}},"5":{"start":{"line":15,"column":8},"end":{"line":17,"column":null}},"6":{"start":{"line":16,"column":12},"end":{"line":16,"column":null}},"7":{"start":{"line":18,"column":8},"end":{"line":20,"column":null}},"8":{"start":{"line":19,"column":12},"end":{"line":19,"column":null}},"9":{"start":{"line":21,"column":8},"end":{"line":23,"column":null}},"10":{"start":{"line":22,"column":12},"end":{"line":22,"column":null}},"11":{"start":{"line":25,"column":23},"end":{"line":29,"column":null}},"12":{"start":{"line":31,"column":20},"end":{"line":31,"column":44}},"13":{"start":{"line":32,"column":8},"end":{"line":32,"column":null}},"14":{"start":{"line":8,"column":0},"end":{"line":8,"column":21}}},"fnMap":{"0":{"name":"(anonymous_8)","decl":{"start":{"line":9,"column":10},"end":{"line":9,"column":14}},"loc":{"start":{"line":12,"column":30},"end":{"line":34,"column":null}}}},"branchMap":{"0":{"loc":{"start":{"line":15,"column":8},"end":{"line":17,"column":null}},"type":"if","locations":[{"start":{"line":15,"column":8},"end":{"line":17,"column":null}}]},"1":{"loc":{"start":{"line":18,"column":8},"end":{"line":20,"column":null}},"type":"if","locations":[{"start":{"line":18,"column":8},"end":{"line":20,"column":null}}]},"2":{"loc":{"start":{"line":21,"column":8},"end":{"line":23,"column":null}},"type":"if","locations":[{"start":{"line":21,"column":8},"end":{"line":23,"column":null}}]}},"s":{"0":1,"1":1,"2":1,"3":1,"4":1,"5":3,"6":1,"7":2,"8":1,"9":1,"10":0,"11":1,"12":1,"13":1,"14":1},"f":{"0":3},"b":{"0":[1],"1":[1],"2":[0]}}
,"/home/ifms/Documentos/LP/exemplo-dao-generico/src/controllers/Exame.ts": {"path":"/home/ifms/Documentos/LP/exemplo-dao-generico/src/controllers/Exame.ts","statementMap":{"0":{"start":{"line":1,"column":0},"end":{"line":1,"column":50}},"1":{"start":{"line":2,"column":0},"end":{"line":2,"column":69}},"2":{"start":{"line":3,"column":0},"end":{"line":3,"column":61}},"3":{"start":{"line":4,"column":0},"end":{"line":4,"column":46}},"4":{"start":{"line":6,"column":13},"end":{"line":6,"column":null}},"5":{"start":{"line":15,"column":8},"end":{"line":17,"column":null}},"6":{"start":{"line":16,"column":12},"end":{"line":16,"column":null}},"7":{"start":{"line":18,"column":8},"end":{"line":20,"column":null}},"8":{"start":{"line":19,"column":12},"end":{"line":19,"column":null}},"9":{"start":{"line":21,"column":8},"end":{"line":23,"column":null}},"10":{"start":{"line":22,"column":12},"end":{"line":22,"column":null}},"11":{"start":{"line":25,"column":23},"end":{"line":30,"column":null}},"12":{"start":{"line":32,"column":20},"end":{"line":32,"column":41}},"13":{"start":{"line":33,"column":8},"end":{"line":33,"column":null}},"14":{"start":{"line":8,"column":0},"end":{"line":8,"column":21}}},"fnMap":{"0":{"name":"(anonymous_8)","decl":{"start":{"line":9,"column":10},"end":{"line":9,"column":14}},"loc":{"start":{"line":13,"column":40},"end":{"line":35,"column":null}}}},"branchMap":{"0":{"loc":{"start":{"line":13,"column":8},"end":{"line":13,"column":40}},"type":"default-arg","locations":[{"start":{"line":13,"column":35},"end":{"line":13,"column":40}}]},"1":{"loc":{"start":{"line":15,"column":8},"end":{"line":17,"column":null}},"type":"if","locations":[{"start":{"line":15,"column":8},"end":{"line":17,"column":null}}]},"2":{"loc":{"start":{"line":18,"column":8},"end":{"line":20,"column":null}},"type":"if","locations":[{"start":{"line":18,"column":8},"end":{"line":20,"column":null}}]},"3":{"loc":{"start":{"line":21,"column":8},"end":{"line":23,"column":null}},"type":"if","locations":[{"start":{"line":21,"column":8},"end":{"line":23,"column":null}}]}},"s":{"0":1,"1":1,"2":1,"3":1,"4":1,"5":3,"6":1,"7":2,"8":1,"9":1,"10":0,"11":1,"12":1,"13":1,"14":1},"f":{"0":3},"b":{"0":[0],"1":[1],"2":[1],"3":[0]}}
,"/home/ifms/Documentos/LP/exemplo-dao-generico/src/models/dao/GenericDAO.ts": {"path":"/home/ifms/Documentos/LP/exemplo-dao-generico/src/models/dao/GenericDAO.ts","statementMap":{"0":{"start":{"line":1,"column":0},"end":{"line":1,"column":47}},"1":{"start":{"line":9,"column":8},"end":{"line":9,"column":null}},"2":{"start":{"line":10,"column":8},"end":{"line":10,"column":null}},"3":{"start":{"line":13,"column":19},"end":{"line":13,"column":45}},"4":{"start":{"line":14,"column":21},"end":{"line":14,"column":182}},"5":{"start":{"line":14,"column":93},"end":{"line":14,"column":101}},"6":{"start":{"line":14,"column":150},"end":{"line":14,"column":165}},"7":{"start":{"line":17,"column":19},"end":{"line":17,"column":55}},"8":{"start":{"line":18,"column":21},"end":{"line":18,"column":39}},"9":{"start":{"line":19,"column":4},"end":{"line":20,"column":null}},"10":{"start":{"line":24,"column":22},"end":{"line":24,"column":70}},"11":{"start":{"line":25,"column":20},"end":{"line":25,"column":48}},"12":{"start":{"line":28,"column":22},"end":{"line":28,"column":28}},"13":{"start":{"line":29,"column":23},"end":{"line":33,"column":7}},"14":{"start":{"line":30,"column":22},"end":{"line":30,"column":40}},"15":{"start":{"line":31,"column":5},"end":{"line":31,"column":null}},"16":{"start":{"line":32,"column":10},"end":{"line":32,"column":null}},"17":{"start":{"line":35,"column":5},"end":{"line":35,"column":null}},"18":{"start":{"line":39,"column":22},"end":{"line":42,"column":null}},"19":{"start":{"line":44,"column":20},"end":{"line":44,"column":54}},"20":{"start":{"line":46,"column":25},"end":{"line":46,"column":43}},"21":{"start":{"line":48,"column":5},"end":{"line":48,"column":null}},"22":{"start":{"line":52,"column":8},"end":{"line":52,"column":null}},"23":{"start":{"line":56,"column":22},"end":{"line":56,"column":46}},"24":{"start":{"line":57,"column":23},"end":{"line":57,"column":60}},"25":{"start":{"line":57,"column":40},"end":{"line":57,"column":59}},"26":{"start":{"line":58,"column":8},"end":{"line":58,"column":null}},"27":{"start":{"line":4,"column":0},"end":{"line":4,"column":21}}},"fnMap":{"0":{"name":"(anonymous_7)","decl":{"start":{"line":8,"column":4},"end":{"line":8,"column":16}},"loc":{"start":{"line":8,"column":48},"end":{"line":11,"column":5}}},"1":{"name":"(anonymous_8)","decl":{"start":{"line":12,"column":9},"end":{"line":12,"column":13}},"loc":{"start":{"line":12,"column":21},"end":{"line":21,"column":null}}},"2":{"name":"(anonymous_10)","decl":{"start":{"line":14,"column":86},"end":{"line":14,"column":87}},"loc":{"start":{"line":14,"column":93},"end":{"line":14,"column":101}}},"3":{"name":"(anonymous_11)","decl":{"start":{"line":14,"column":136},"end":{"line":14,"column":137}},"loc":{"start":{"line":14,"column":150},"end":{"line":14,"column":165}}},"4":{"name":"(anonymous_12)","decl":{"start":{"line":23,"column":9},"end":{"line":23,"column":16}},"loc":{"start":{"line":23,"column":16},"end":{"line":36,"column":null}}},"5":{"name":"(anonymous_14)","decl":{"start":{"line":29,"column":32},"end":{"line":29,"column":33}},"loc":{"start":{"line":29,"column":38},"end":{"line":33,"column":6}}},"6":{"name":"(anonymous_15)","decl":{"start":{"line":38,"column":9},"end":{"line":38,"column":17}},"loc":{"start":{"line":38,"column":28},"end":{"line":49,"column":null}}},"7":{"name":"(anonymous_17)","decl":{"start":{"line":51,"column":11},"end":{"line":51,"column":25}},"loc":{"start":{"line":51,"column":32},"end":{"line":53,"column":4}}},"8":{"name":"(anonymous_18)","decl":{"start":{"line":55,"column":11},"end":{"line":55,"column":27}},"loc":{"start":{"line":55,"column":34},"end":{"line":59,"column":4}}},"9":{"name":"(anonymous_19)","decl":{"start":{"line":57,"column":33},"end":{"line":57,"column":34}},"loc":{"start":{"line":57,"column":40},"end":{"line":57,"column":59}}}},"branchMap":{"0":{"loc":{"start":{"line":19,"column":11},"end":{"line":20,"column":52}},"type":"cond-expr","locations":[{"start":{"line":20,"column":6},"end":{"line":20,"column":45}},{"start":{"line":20,"column":48},"end":{"line":20,"column":52}}]},"1":{"loc":{"start":{"line":48,"column":12},"end":{"line":48,"column":80}},"type":"cond-expr","locations":[{"start":{"line":48,"column":34},"end":{"line":48,"column":73}},{"start":{"line":48,"column":76},"end":{"line":48,"column":80}}]}},"s":{"0":3,"1":11,"2":11,"3":3,"4":3,"5":14,"6":14,"7":3,"8":3,"9":3,"10":6,"11":6,"12":6,"13":6,"14":149,"15":149,"16":149,"17":6,"18":2,"19":2,"20":2,"21":2,"22":6,"23":3,"24":3,"25":14,"26":3,"27":3},"f":{"0":11,"1":3,"2":14,"3":14,"4":6,"5":149,"6":2,"7":6,"8":3,"9":14},"b":{"0":[3,0],"1":[2,0]}}
,"/home/ifms/Documentos/LP/exemplo-dao-generico/src/models/entities/Beneficiario.ts": {"path":"/home/ifms/Documentos/LP/exemplo-dao-generico/src/models/entities/Beneficiario.ts","statementMap":{"0":{"start":{"line":1,"column":0},"end":{"line":1,"column":33}},"1":{"start":{"line":11,"column":8},"end":{"line":11,"column":null}},"2":{"start":{"line":12,"column":8},"end":{"line":12,"column":null}},"3":{"start":{"line":13,"column":8},"end":{"line":13,"column":null}},"4":{"start":{"line":14,"column":8},"end":{"line":14,"column":null}},"5":{"start":{"line":15,"column":8},"end":{"line":15,"column":null}},"6":{"start":{"line":16,"column":8},"end":{"line":16,"column":null}},"7":{"start":{"line":3,"column":0},"end":{"line":3,"column":21}}},"fnMap":{"0":{"name":"(anonymous_0)","decl":{"start":{"line":10,"column":4},"end":{"line":10,"column":16}},"loc":{"start":{"line":10,"column":101},"end":{"line":17,"column":5}}}},"branchMap":{},"s":{"0":3,"1":154,"2":154,"3":154,"4":154,"5":154,"6":154,"7":3},"f":{"0":154},"b":{}}
,"/home/ifms/Documentos/LP/exemplo-dao-generico/src/models/entities/Consulta.ts": {"path":"/home/ifms/Documentos/LP/exemplo-dao-generico/src/models/entities/Consulta.ts","statementMap":{"0":{"start":{"line":1,"column":0},"end":{"line":1,"column":34}},"1":{"start":{"line":12,"column":8},"end":{"line":12,"column":null}},"2":{"start":{"line":13,"column":8},"end":{"line":13,"column":null}},"3":{"start":{"line":14,"column":8},"end":{"line":14,"column":null}},"4":{"start":{"line":15,"column":8},"end":{"line":15,"column":null}},"5":{"start":{"line":16,"column":8},"end":{"line":16,"column":null}},"6":{"start":{"line":5,"column":0},"end":{"line":5,"column":21}}},"fnMap":{"0":{"name":"(anonymous_0)","decl":{"start":{"line":11,"column":4},"end":{"line":11,"column":16}},"loc":{"start":{"line":11,"column":112},"end":{"line":17,"column":5}}}},"branchMap":{},"s":{"0":1,"1":2,"2":2,"3":2,"4":2,"5":2,"6":1},"f":{"0":2},"b":{}}
,"/home/ifms/Documentos/LP/exemplo-dao-generico/src/models/entities/Entity.ts": {"path":"/home/ifms/Documentos/LP/exemplo-dao-generico/src/models/entities/Entity.ts","statementMap":{"0":{"start":{"line":1,"column":0},"end":{"line":1,"column":13}}},"fnMap":{},"branchMap":{},"s":{"0":3},"f":{},"b":{}}
,"/home/ifms/Documentos/LP/exemplo-dao-generico/src/models/entities/Exame.ts": {"path":"/home/ifms/Documentos/LP/exemplo-dao-generico/src/models/entities/Exame.ts","statementMap":{"0":{"start":{"line":1,"column":0},"end":{"line":1,"column":34}},"1":{"start":{"line":13,"column":8},"end":{"line":13,"column":null}},"2":{"start":{"line":14,"column":8},"end":{"line":14,"column":null}},"3":{"start":{"line":15,"column":8},"end":{"line":15,"column":null}},"4":{"start":{"line":16,"column":8},"end":{"line":16,"column":null}},"5":{"start":{"line":17,"column":8},"end":{"line":17,"column":null}},"6":{"start":{"line":18,"column":8},"end":{"line":18,"column":null}},"7":{"start":{"line":5,"column":0},"end":{"line":5,"column":21}}},"fnMap":{"0":{"name":"(anonymous_0)","decl":{"start":{"line":12,"column":4},"end":{"line":12,"column":16}},"loc":{"start":{"line":12,"column":151},"end":{"line":20,"column":5}}}},"branchMap":{},"s":{"0":1,"1":2,"2":2,"3":2,"4":2,"5":2,"6":2,"7":1},"f":{"0":2},"b":{}}
,"/home/ifms/Documentos/LP/exemplo-dao-generico/src/utils/beneficiario.ts": {"path":"/home/ifms/Documentos/LP/exemplo-dao-generico/src/utils/beneficiario.ts","statementMap":{"0":{"start":{"line":1,"column":0},"end":{"line":1,"column":49}},"1":{"start":{"line":2,"column":0},"end":{"line":2,"column":58}},"2":{"start":{"line":4,"column":36},"end":{"line":8,"column":1}},"3":{"start":{"line":5,"column":16},"end":{"line":5,"column":44}},"4":{"start":{"line":7,"column":4},"end":{"line":7,"column":null}},"5":{"start":{"line":4,"column":13},"end":{"line":4,"column":36}},"6":{"start":{"line":10,"column":41},"end":{"line":19,"column":null}},"7":{"start":{"line":10,"column":52},"end":{"line":19,"column":null}},"8":{"start":{"line":11,"column":16},"end":{"line":11,"column":44}},"9":{"start":{"line":13,"column":26},"end":{"line":13,"column":45}},"10":{"start":{"line":15,"column":4},"end":{"line":15,"column":51}},"11":{"start":{"line":18,"column":4},"end":{"line":18,"column":null}},"12":{"start":{"line":10,"column":13},"end":{"line":10,"column":41}}},"fnMap":{"0":{"name":"(anonymous_8)","decl":{"start":{"line":4,"column":36},"end":{"line":4,"column":37}},"loc":{"start":{"line":4,"column":63},"end":{"line":8,"column":1}}},"1":{"name":"(anonymous_9)","decl":{"start":{"line":10,"column":41},"end":{"line":10,"column":50}},"loc":{"start":{"line":10,"column":52},"end":{"line":19,"column":null}}},"2":{"name":"(anonymous_10)","decl":{"start":{"line":10,"column":52},"end":{"line":10,"column":null}},"loc":{"start":{"line":10,"column":52},"end":{"line":19,"column":1}}}},"branchMap":{},"s":{"0":2,"1":2,"2":2,"3":2,"4":2,"5":2,"6":2,"7":6,"8":6,"9":6,"10":6,"11":6,"12":2},"f":{"0":2,"1":6,"2":6},"b":{}}
,"/home/ifms/Documentos/LP/exemplo-dao-generico/src/utils/data.ts": {"path":"/home/ifms/Documentos/LP/exemplo-dao-generico/src/utils/data.ts","statementMap":{"0":{"start":{"line":1,"column":32},"end":{"line":9,"column":1}},"1":{"start":{"line":2,"column":17},"end":{"line":2,"column":27}},"2":{"start":{"line":4,"column":4},"end":{"line":4,"column":null}},"3":{"start":{"line":6,"column":4},"end":{"line":6,"column":null}},"4":{"start":{"line":1,"column":13},"end":{"line":1,"column":32}},"5":{"start":{"line":11,"column":29},"end":{"line":18,"column":1}},"6":{"start":{"line":12,"column":26},"end":{"line":12,"column":46}},"7":{"start":{"line":15,"column":4},"end":{"line":15,"column":null}},"8":{"start":{"line":11,"column":13},"end":{"line":11,"column":29}}},"fnMap":{"0":{"name":"(anonymous_0)","decl":{"start":{"line":1,"column":32},"end":{"line":1,"column":33}},"loc":{"start":{"line":1,"column":47},"end":{"line":9,"column":1}}},"1":{"name":"(anonymous_1)","decl":{"start":{"line":11,"column":29},"end":{"line":11,"column":30}},"loc":{"start":{"line":11,"column":44},"end":{"line":18,"column":1}}}},"branchMap":{},"s":{"0":3,"1":2,"2":2,"3":2,"4":3,"5":3,"6":6,"7":6,"8":3},"f":{"0":2,"1":6},"b":{}}
}
