TN:
SF:src/config/db.ts
FN:14,(anonymous_13)
FN:14,(anonymous_14)
FN:67,(anonymous_15)
FN:67,(anonymous_16)
FN:75,(anonymous_17)
FN:75,(anonymous_18)
FNF:6
FNH:4
FNDA:3,(anonymous_13)
FNDA:3,(anonymous_14)
FNDA:11,(anonymous_15)
FNDA:11,(anonymous_16)
FNDA:0,(anonymous_17)
FNDA:0,(anonymous_18)
DA:1,3
DA:2,3
DA:4,3
DA:6,3
DA:14,3
DA:15,3
DA:17,3
DA:18,3
DA:19,3
DA:30,3
DA:42,3
DA:56,3
DA:58,0
DA:59,0
DA:62,3
DA:63,3
DA:67,11
DA:68,11
DA:72,11
DA:75,3
DA:76,0
DA:77,0
LF:22
LH:18
BRDA:68,0,0,5
BRDA:68,0,1,6
BRF:2
BRH:2
end_of_record
TN:
SF:src/controllers/Beneficiario.ts
FN:6,(anonymous_1)
FNF:1
FNH:1
FNDA:2,(anonymous_1)
DA:1,1
DA:2,1
DA:3,1
DA:5,1
DA:7,2
DA:9,2
DA:10,1
DA:12,1
DA:13,1
LF:9
LH:9
BRDA:9,0,0,1
BRF:1
BRH:1
end_of_record
TN:
SF:src/controllers/Consulta.ts
FN:9,(anonymous_8)
FNF:1
FNH:1
FNDA:3,(anonymous_8)
DA:1,1
DA:2,1
DA:3,1
DA:4,1
DA:6,1
DA:8,1
DA:15,3
DA:16,1
DA:18,2
DA:19,1
DA:21,1
DA:22,0
DA:25,1
DA:31,1
DA:32,1
LF:15
LH:14
BRDA:15,0,0,1
BRDA:18,1,0,1
BRDA:21,2,0,0
BRF:3
BRH:2
end_of_record
TN:
SF:src/controllers/Exame.ts
FN:9,(anonymous_8)
FNF:1
FNH:1
FNDA:3,(anonymous_8)
DA:1,1
DA:2,1
DA:3,1
DA:4,1
DA:6,1
DA:8,1
DA:15,3
DA:16,1
DA:18,2
DA:19,1
DA:21,1
DA:22,0
DA:25,1
DA:32,1
DA:33,1
LF:15
LH:14
BRDA:13,0,0,0
BRDA:15,1,0,1
BRDA:18,2,0,1
BRDA:21,3,0,0
BRF:4
BRH:2
end_of_record
TN:
SF:src/models/dao/GenericDAO.ts
FN:8,(anonymous_7)
FN:12,(anonymous_8)
FN:14,(anonymous_10)
FN:14,(anonymous_11)
FN:23,(anonymous_12)
FN:29,(anonymous_14)
FN:38,(anonymous_15)
FN:51,(anonymous_17)
FN:55,(anonymous_18)
FN:57,(anonymous_19)
FNF:10
FNH:10
FNDA:11,(anonymous_7)
FNDA:3,(anonymous_8)
FNDA:14,(anonymous_10)
FNDA:14,(anonymous_11)
FNDA:6,(anonymous_12)
FNDA:149,(anonymous_14)
FNDA:2,(anonymous_15)
FNDA:6,(anonymous_17)
FNDA:3,(anonymous_18)
FNDA:14,(anonymous_19)
DA:1,3
DA:4,3
DA:9,11
DA:10,11
DA:13,3
DA:14,14
DA:17,3
DA:18,3
DA:19,3
DA:24,6
DA:25,6
DA:28,6
DA:29,6
DA:30,149
DA:31,149
DA:32,149
DA:35,6
DA:39,2
DA:44,2
DA:46,2
DA:48,2
DA:52,6
DA:56,3
DA:57,14
DA:58,3
LF:25
LH:25
BRDA:19,0,0,3
BRDA:19,0,1,0
BRDA:48,1,0,2
BRDA:48,1,1,0
BRF:4
BRH:2
end_of_record
TN:
SF:src/models/entities/Beneficiario.ts
FN:10,(anonymous_0)
FNF:1
FNH:1
FNDA:154,(anonymous_0)
DA:1,3
DA:3,3
DA:11,154
DA:12,154
DA:13,154
DA:14,154
DA:15,154
DA:16,154
LF:8
LH:8
BRF:0
BRH:0
end_of_record
TN:
SF:src/models/entities/Consulta.ts
FN:11,(anonymous_0)
FNF:1
FNH:1
FNDA:2,(anonymous_0)
DA:1,1
DA:5,1
DA:12,2
DA:13,2
DA:14,2
DA:15,2
DA:16,2
LF:7
LH:7
BRF:0
BRH:0
end_of_record
TN:
SF:src/models/entities/Entity.ts
FNF:0
FNH:0
DA:1,3
LF:1
LH:1
BRF:0
BRH:0
end_of_record
TN:
SF:src/models/entities/Exame.ts
FN:12,(anonymous_0)
FNF:1
FNH:1
FNDA:2,(anonymous_0)
DA:1,1
DA:5,1
DA:13,2
DA:14,2
DA:15,2
DA:16,2
DA:17,2
DA:18,2
LF:8
LH:8
BRF:0
BRH:0
end_of_record
TN:
SF:src/utils/beneficiario.ts
FN:4,(anonymous_8)
FN:10,(anonymous_9)
FN:10,(anonymous_10)
FNF:3
FNH:3
FNDA:2,(anonymous_8)
FNDA:6,(anonymous_9)
FNDA:6,(anonymous_10)
DA:1,2
DA:2,2
DA:4,2
DA:5,2
DA:7,2
DA:10,6
DA:11,6
DA:13,6
DA:15,6
DA:18,6
LF:10
LH:10
BRF:0
BRH:0
end_of_record
TN:
SF:src/utils/data.ts
FN:1,(anonymous_0)
FN:11,(anonymous_1)
FNF:2
FNH:2
FNDA:2,(anonymous_0)
FNDA:6,(anonymous_1)
DA:1,3
DA:2,2
DA:4,2
DA:6,2
DA:11,3
DA:12,6
DA:15,6
LF:7
LH:7
BRF:0
BRH:0
end_of_record
